# JRE version: OpenJDK Runtime Environment Temurin-21.0.9+10 (21.0.9+10) (build 21.0.9+10-LTS)
# Java VM: OpenJDK 64-Bit Server VM Temurin-21.0.9+10 (21.0.9+10-LTS, mixed mode, sharing, tiered, compressed oops, compressed class ptrs, parallel gc, windows-amd64)
GC Precious Log:
 CardTable entry size: 512
 CPUs: 8 total, 8 available
 Memory: 7914M
 Large Page Support: Disabled
 NUMA Support: Disabled
 Compressed Oops: Enabled (32-bit)
 Alignments: Space 512K, Generation 512K, Heap 2M
 Heap Min Capacity: 100M
 Heap Initial Capacity: 100M
 Heap Max Capacity: 2G
 Pre-touch: Disabled
 Parallel Workers: 8
Heap:
 PSYoungGen      total 22016K, used 5630K [0x00000000d5580000, 0x00000000d6c00000, 0x0000000100000000)
  eden space 20992K, 24% used [0x00000000d5580000,0x00000000d5a84fa8,0x00000000d6a00000)
  from space 1024K, 50% used [0x00000000d6a00000,0x00000000d6a80000,0x00000000d6b00000)
  to   space 1024K, 0% used [0x00000000d6b00000,0x00000000d6b00000,0x00000000d6c00000)
 ParOldGen       total 68608K, used 48891K [0x0000000080000000, 0x0000000084300000, 0x00000000d5580000)
  object space 68608K, 71% used [0x0000000080000000,0x0000000082fbef00,0x0000000084300000)
 Metaspace       used 58653K, committed 60096K, reserved 1114112K
  class space    used 6314K, committed 6912K, reserved 1048576K
GC Heap History (20 events):
Event: 15.998 GC heap before
{Heap before GC invocations=30 (full 2):
 PSYoungGen      total 23552K, used 23136K [0x00000000d5580000, 0x00000000d6f80000, 0x0000000100000000)
  eden space 21504K, 100% used [0x00000000d5580000,0x00000000d6a80000,0x00000000d6a80000)
  from space 2048K, 79% used [0x00000000d6a80000,0x00000000d6c18000,0x00000000d6c80000)
  to   space 2560K, 0% used [0x00000000d6d00000,0x00000000d6d00000,0x00000000d6f80000)
 ParOldGen       total 68608K, used 43815K [0x0000000080000000, 0x0000000084300000, 0x00000000d5580000)
  object space 68608K, 63% used [0x0000000080000000,0x0000000082ac9f50,0x0000000084300000)
 Metaspace       used 51276K, committed 52608K, reserved 1114112K
  class space    used 5637K, committed 6208K, reserved 1048576K
}
Event: 16.001 GC heap after
{Heap after GC invocations=30 (full 2):
 PSYoungGen      total 22528K, used 675K [0x00000000d5580000, 0x00000000d6e00000, 0x0000000100000000)
  eden space 21504K, 0% used [0x00000000d5580000,0x00000000d5580000,0x00000000d6a80000)
  from space 1024K, 65% used [0x00000000d6d00000,0x00000000d6da8df8,0x00000000d6e00000)
  to   space 1536K, 0% used [0x00000000d6b00000,0x00000000d6b00000,0x00000000d6c80000)
 ParOldGen       total 68608K, used 45315K [0x0000000080000000, 0x0000000084300000, 0x00000000d5580000)
  object space 68608K, 66% used [0x0000000080000000,0x0000000082c40fa8,0x0000000084300000)
 Metaspace       used 51276K, committed 52608K, reserved 1114112K
  class space    used 5637K, committed 6208K, reserved 1048576K
}
Event: 16.541 GC heap before
{Heap before GC invocations=31 (full 2):
 PSYoungGen      total 22528K, used 22179K [0x00000000d5580000, 0x00000000d6e00000, 0x0000000100000000)
  eden space 21504K, 100% used [0x00000000d5580000,0x00000000d6a80000,0x00000000d6a80000)
  from space 1024K, 65% used [0x00000000d6d00000,0x00000000d6da8df8,0x00000000d6e00000)
  to   space 1536K, 0% used [0x00000000d6b00000,0x00000000d6b00000,0x00000000d6c80000)
 ParOldGen       total 68608K, used 45315K [0x0000000080000000, 0x0000000084300000, 0x00000000d5580000)
  object space 68608K, 66% used [0x0000000080000000,0x0000000082c40fa8,0x0000000084300000)
 Metaspace       used 52976K, committed 54336K, reserved 1114112K
  class space    used 5798K, committed 6400K, reserved 1048576K
}
Event: 16.544 GC heap after
{Heap after GC invocations=31 (full 2):
 PSYoungGen      total 23040K, used 448K [0x00000000d5580000, 0x00000000d6d80000, 0x0000000100000000)
  eden space 21504K, 0% used [0x00000000d5580000,0x00000000d5580000,0x00000000d6a80000)
  from space 1536K, 29% used [0x00000000d6b00000,0x00000000d6b70000,0x00000000d6c80000)
  to   space 1024K, 0% used [0x00000000d6c80000,0x00000000d6c80000,0x00000000d6d80000)
 ParOldGen       total 68608K, used 45859K [0x0000000080000000, 0x0000000084300000, 0x00000000d5580000)
  object space 68608K, 66% used [0x0000000080000000,0x0000000082cc8ed0,0x0000000084300000)
 Metaspace       used 52976K, committed 54336K, reserved 1114112K
  class space    used 5798K, committed 6400K, reserved 1048576K
}
Event: 16.679 GC heap before
{Heap before GC invocations=32 (full 2):
 PSYoungGen      total 23040K, used 21779K [0x00000000d5580000, 0x00000000d6d80000, 0x0000000100000000)
  eden space 21504K, 99% used [0x00000000d5580000,0x00000000d6a54e88,0x00000000d6a80000)
  from space 1536K, 29% used [0x00000000d6b00000,0x00000000d6b70000,0x00000000d6c80000)
  to   space 1024K, 0% used [0x00000000d6c80000,0x00000000d6c80000,0x00000000d6d80000)
 ParOldGen       total 68608K, used 45859K [0x0000000080000000, 0x0000000084300000, 0x00000000d5580000)
  object space 68608K, 66% used [0x0000000080000000,0x0000000082cc8ed0,0x0000000084300000)
 Metaspace       used 53038K, committed 54400K, reserved 1114112K
  class space    used 5802K, committed 6400K, reserved 1048576K
}
Event: 16.684 GC heap after
{Heap after GC invocations=32 (full 2):
 PSYoungGen      total 22016K, used 1013K [0x00000000d5580000, 0x00000000d6f80000, 0x0000000100000000)
  eden space 20992K, 0% used [0x00000000d5580000,0x00000000d5580000,0x00000000d6a00000)
  from space 1024K, 98% used [0x00000000d6c80000,0x00000000d6d7d4f8,0x00000000d6d80000)
  to   space 2560K, 0% used [0x00000000d6a00000,0x00000000d6a00000,0x00000000d6c80000)
 ParOldGen       total 68608K, used 46752K [0x0000000080000000, 0x0000000084300000, 0x00000000d5580000)
  object space 68608K, 68% used [0x0000000080000000,0x0000000082da80e0,0x0000000084300000)
 Metaspace       used 53038K, committed 54400K, reserved 1114112K
  class space    used 5802K, committed 6400K, reserved 1048576K
}
Event: 16.898 GC heap before
{Heap before GC invocations=33 (full 2):
 PSYoungGen      total 22016K, used 22005K [0x00000000d5580000, 0x00000000d6f80000, 0x0000000100000000)
  eden space 20992K, 100% used [0x00000000d5580000,0x00000000d6a00000,0x00000000d6a00000)
  from space 1024K, 98% used [0x00000000d6c80000,0x00000000d6d7d4f8,0x00000000d6d80000)
  to   space 2560K, 0% used [0x00000000d6a00000,0x00000000d6a00000,0x00000000d6c80000)
 ParOldGen       total 68608K, used 46752K [0x0000000080000000, 0x0000000084300000, 0x00000000d5580000)
  object space 68608K, 68% used [0x0000000080000000,0x0000000082da80e0,0x0000000084300000)
 Metaspace       used 54544K, committed 55872K, reserved 1114112K
  class space    used 5914K, committed 6528K, reserved 1048576K
}
Event: 16.900 GC heap after
{Heap after GC invocations=33 (full 2):
 PSYoungGen      total 21504K, used 352K [0x00000000d5580000, 0x00000000d6d00000, 0x0000000100000000)
  eden space 20992K, 0% used [0x00000000d5580000,0x00000000d5580000,0x00000000d6a00000)
  from space 512K, 68% used [0x00000000d6a00000,0x00000000d6a58000,0x00000000d6a80000)
  to   space 1024K, 0% used [0x00000000d6c00000,0x00000000d6c00000,0x00000000d6d00000)
 ParOldGen       total 68608K, used 46920K [0x0000000080000000, 0x0000000084300000, 0x00000000d5580000)
  object space 68608K, 68% used [0x0000000080000000,0x0000000082dd20e0,0x0000000084300000)
 Metaspace       used 54544K, committed 55872K, reserved 1114112K
  class space    used 5914K, committed 6528K, reserved 1048576K
}
Event: 17.848 GC heap before
{Heap before GC invocations=34 (full 2):
 PSYoungGen      total 21504K, used 21317K [0x00000000d5580000, 0x00000000d6d00000, 0x0000000100000000)
  eden space 20992K, 99% used [0x00000000d5580000,0x00000000d69f9438,0x00000000d6a00000)
  from space 512K, 68% used [0x00000000d6a00000,0x00000000d6a58000,0x00000000d6a80000)
  to   space 1024K, 0% used [0x00000000d6c00000,0x00000000d6c00000,0x00000000d6d00000)
 ParOldGen       total 68608K, used 46920K [0x0000000080000000, 0x0000000084300000, 0x00000000d5580000)
  object space 68608K, 68% used [0x0000000080000000,0x0000000082dd20e0,0x0000000084300000)
 Metaspace       used 56825K, committed 58240K, reserved 1114112K
  class space    used 6146K, committed 6720K, reserved 1048576K
}
Event: 17.850 GC heap after
{Heap after GC invocations=34 (full 2):
 PSYoungGen      total 22016K, used 986K [0x00000000d5580000, 0x00000000d6d00000, 0x0000000100000000)
  eden space 20992K, 0% used [0x00000000d5580000,0x00000000d5580000,0x00000000d6a00000)
  from space 1024K, 96% used [0x00000000d6c00000,0x00000000d6cf69d0,0x00000000d6d00000)
  to   space 1536K, 0% used [0x00000000d6a00000,0x00000000d6a00000,0x00000000d6b80000)
 ParOldGen       total 68608K, used 47096K [0x0000000080000000, 0x0000000084300000, 0x00000000d5580000)
  object space 68608K, 68% used [0x0000000080000000,0x0000000082dfe0e0,0x0000000084300000)
 Metaspace       used 56825K, committed 58240K, reserved 1114112K
  class space    used 6146K, committed 6720K, reserved 1048576K
}
Event: 18.367 GC heap before
{Heap before GC invocations=35 (full 2):
 PSYoungGen      total 22016K, used 21978K [0x00000000d5580000, 0x00000000d6d00000, 0x0000000100000000)
  eden space 20992K, 100% used [0x00000000d5580000,0x00000000d6a00000,0x00000000d6a00000)
  from space 1024K, 96% used [0x00000000d6c00000,0x00000000d6cf69d0,0x00000000d6d00000)
  to   space 1536K, 0% used [0x00000000d6a00000,0x00000000d6a00000,0x00000000d6b80000)
 ParOldGen       total 68608K, used 47096K [0x0000000080000000, 0x0000000084300000, 0x00000000d5580000)
  object space 68608K, 68% used [0x0000000080000000,0x0000000082dfe0e0,0x0000000084300000)
 Metaspace       used 57851K, committed 59328K, reserved 1114112K
  class space    used 6220K, committed 6848K, reserved 1048576K
}
Event: 18.370 GC heap after
{Heap after GC invocations=35 (full 2):
 PSYoungGen      total 22528K, used 1377K [0x00000000d5580000, 0x00000000d6d00000, 0x0000000100000000)
  eden space 20992K, 0% used [0x00000000d5580000,0x00000000d5580000,0x00000000d6a00000)
  from space 1536K, 89% used [0x00000000d6a00000,0x00000000d6b584c0,0x00000000d6b80000)
  to   space 1536K, 0% used [0x00000000d6b80000,0x00000000d6b80000,0x00000000d6d00000)
 ParOldGen       total 68608K, used 47653K [0x0000000080000000, 0x0000000084300000, 0x00000000d5580000)
  object space 68608K, 69% used [0x0000000080000000,0x0000000082e89550,0x0000000084300000)
 Metaspace       used 57851K, committed 59328K, reserved 1114112K
  class space    used 6220K, committed 6848K, reserved 1048576K
}
Event: 18.718 GC heap before
{Heap before GC invocations=36 (full 2):
 PSYoungGen      total 22528K, used 22369K [0x00000000d5580000, 0x00000000d6d00000, 0x0000000100000000)
  eden space 20992K, 100% used [0x00000000d5580000,0x00000000d6a00000,0x00000000d6a00000)
  from space 1536K, 89% used [0x00000000d6a00000,0x00000000d6b584c0,0x00000000d6b80000)
  to   space 1536K, 0% used [0x00000000d6b80000,0x00000000d6b80000,0x00000000d6d00000)
 ParOldGen       total 68608K, used 47653K [0x0000000080000000, 0x0000000084300000, 0x00000000d5580000)
  object space 68608K, 69% used [0x0000000080000000,0x0000000082e89550,0x0000000084300000)
 Metaspace       used 58107K, committed 59648K, reserved 1114112K
  class space    used 6252K, committed 6912K, reserved 1048576K
}
Event: 18.722 GC heap after
{Heap after GC invocations=36 (full 2):
 PSYoungGen      total 22528K, used 1404K [0x00000000d5580000, 0x00000000d6d00000, 0x0000000100000000)
  eden space 20992K, 0% used [0x00000000d5580000,0x00000000d5580000,0x00000000d6a00000)
  from space 1536K, 91% used [0x00000000d6b80000,0x00000000d6cdf1b8,0x00000000d6d00000)
  to   space 1536K, 0% used [0x00000000d6a00000,0x00000000d6a00000,0x00000000d6b80000)
 ParOldGen       total 68608K, used 48818K [0x0000000080000000, 0x0000000084300000, 0x00000000d5580000)
  object space 68608K, 71% used [0x0000000080000000,0x0000000082facb60,0x0000000084300000)
 Metaspace       used 58107K, committed 59648K, reserved 1114112K
  class space    used 6252K, committed 6912K, reserved 1048576K
}
Event: 18.797 GC heap before
{Heap before GC invocations=37 (full 2):
 PSYoungGen      total 22528K, used 5055K [0x00000000d5580000, 0x00000000d6d00000, 0x0000000100000000)
  eden space 20992K, 17% used [0x00000000d5580000,0x00000000d5910be0,0x00000000d6a00000)
  from space 1536K, 91% used [0x00000000d6b80000,0x00000000d6cdf1b8,0x00000000d6d00000)
  to   space 1536K, 0% used [0x00000000d6a00000,0x00000000d6a00000,0x00000000d6b80000)
 ParOldGen       total 68608K, used 48818K [0x0000000080000000, 0x0000000084300000, 0x00000000d5580000)
  object space 68608K, 71% used [0x0000000080000000,0x0000000082facb60,0x0000000084300000)
 Metaspace       used 58269K, committed 59776K, reserved 1114112K
  class space    used 6275K, committed 6912K, reserved 1048576K
}
Event: 18.799 GC heap after
{Heap after GC invocations=37 (full 2):
 PSYoungGen      total 22016K, used 736K [0x00000000d5580000, 0x00000000d6c00000, 0x0000000100000000)
  eden space 20992K, 0% used [0x00000000d5580000,0x00000000d5580000,0x00000000d6a00000)
  from space 1024K, 71% used [0x00000000d6a00000,0x00000000d6ab8000,0x00000000d6b00000)
  to   space 1024K, 0% used [0x00000000d6b00000,0x00000000d6b00000,0x00000000d6c00000)
 ParOldGen       total 68608K, used 50013K [0x0000000080000000, 0x0000000084300000, 0x00000000d5580000)
  object space 68608K, 72% used [0x0000000080000000,0x00000000830d7400,0x0000000084300000)
 Metaspace       used 58269K, committed 59776K, reserved 1114112K
  class space    used 6275K, committed 6912K, reserved 1048576K
}
Event: 18.799 GC heap before
{Heap before GC invocations=38 (full 3):
 PSYoungGen      total 22016K, used 736K [0x00000000d5580000, 0x00000000d6c00000, 0x0000000100000000)
  eden space 20992K, 0% used [0x00000000d5580000,0x00000000d5580000,0x00000000d6a00000)
  from space 1024K, 71% used [0x00000000d6a00000,0x00000000d6ab8000,0x00000000d6b00000)
  to   space 1024K, 0% used [0x00000000d6b00000,0x00000000d6b00000,0x00000000d6c00000)
 ParOldGen       total 68608K, used 50013K [0x0000000080000000, 0x0000000084300000, 0x00000000d5580000)
  object space 68608K, 72% used [0x0000000080000000,0x00000000830d7400,0x0000000084300000)
 Metaspace       used 58269K, committed 59776K, reserved 1114112K
  class space    used 6275K, committed 6912K, reserved 1048576K
}
Event: 18.937 GC heap after
{Heap after GC invocations=38 (full 3):
 PSYoungGen      total 22016K, used 0K [0x00000000d5580000, 0x00000000d6c00000, 0x0000000100000000)
  eden space 20992K, 0% used [0x00000000d5580000,0x00000000d5580000,0x00000000d6a00000)
  from space 1024K, 0% used [0x00000000d6a00000,0x00000000d6a00000,0x00000000d6b00000)
  to   space 1024K, 0% used [0x00000000d6b00000,0x00000000d6b00000,0x00000000d6c00000)
 ParOldGen       total 68608K, used 47130K [0x0000000080000000, 0x0000000084300000, 0x00000000d5580000)
  object space 68608K, 68% used [0x0000000080000000,0x0000000082e06a20,0x0000000084300000)
 Metaspace       used 58269K, committed 59776K, reserved 1114112K
  class space    used 6275K, committed 6912K, reserved 1048576K
}
Event: 18.991 GC heap before
{Heap before GC invocations=39 (full 3):
 PSYoungGen      total 22016K, used 20991K [0x00000000d5580000, 0x00000000d6c00000, 0x0000000100000000)
  eden space 20992K, 99% used [0x00000000d5580000,0x00000000d69fffe8,0x00000000d6a00000)
  from space 1024K, 0% used [0x00000000d6a00000,0x00000000d6a00000,0x00000000d6b00000)
  to   space 1024K, 0% used [0x00000000d6b00000,0x00000000d6b00000,0x00000000d6c00000)
 ParOldGen       total 68608K, used 47130K [0x0000000080000000, 0x0000000084300000, 0x00000000d5580000)
  object space 68608K, 68% used [0x0000000080000000,0x0000000082e06a20,0x0000000084300000)
 Metaspace       used 58421K, committed 59904K, reserved 1114112K
  class space    used 6293K, committed 6912K, reserved 1048576K
}
Event: 18.994 GC heap after
{Heap after GC invocations=39 (full 3):
 PSYoungGen      total 22016K, used 682K [0x00000000d5580000, 0x00000000d6c00000, 0x0000000100000000)
  eden space 20992K, 0% used [0x00000000d5580000,0x00000000d5580000,0x00000000d6a00000)
  from space 1024K, 66% used [0x00000000d6b00000,0x00000000d6baa8a8,0x00000000d6c00000)
  to   space 1024K, 0% used [0x00000000d6a00000,0x00000000d6a00000,0x00000000d6b00000)
 ParOldGen       total 68608K, used 48452K [0x0000000080000000, 0x0000000084300000, 0x00000000d5580000)
  object space 68608K, 70% used [0x0000000080000000,0x0000000082f511a0,0x0000000084300000)
 Metaspace       used 58421K, committed 59904K, reserved 1114112K
  class space    used 6293K, committed 6912K, reserved 1048576K
}

